2018-05-23 20:38:42,291 [django.server:124] [basehttp:log_message] [WARNING]- "GET /api/login/ HTTP/1.1" 404 2329
2018-05-23 20:38:53,614 [django.server:124] [basehttp:log_message] [ERROR]- "GET /DataServer/login/ HTTP/1.1" 500 67062
2018-05-23 20:51:54,292 [django.server:124] [basehttp:log_message] [ERROR]- "GET /DataServer/login/ HTTP/1.1" 500 67142
2018-05-23 20:52:25,543 [django.server:124] [basehttp:log_message] [ERROR]- "GET /DataServer/login/ HTTP/1.1" 500 67142
2018-05-23 20:54:47,073 [django.server:124] [basehttp:log_message] [WARNING]- "GET /DataServer/login/ HTTP/1.1" 404 2209
2018-05-23 20:54:59,696 [django.server:124] [basehttp:log_message] [WARNING]- "GET /login/ HTTP/1.1" 404 2391
2018-05-23 20:55:36,338 [django.server:124] [basehttp:log_message] [INFO]- "GET /login/ HTTP/1.1" 200 5281
2018-05-23 20:55:36,364 [django.server:124] [basehttp:log_message] [INFO]- "GET /static/assets/css/css-index.css HTTP/1.1" 200 21336
2018-05-23 20:55:37,017 [django.server:124] [basehttp:log_message] [INFO]- "GET /static/assets/js/custom.js HTTP/1.1" 200 5955
2018-05-23 20:55:37,017 [django.server:124] [basehttp:log_message] [INFO]- "GET /static/assets/js/jquery.sticky.js HTTP/1.1" 200 7138
2018-05-23 20:55:37,030 [django.server:124] [basehttp:log_message] [INFO]- "GET /static/assets/js/owl.carousel.min.js HTTP/1.1" 200 23936
2018-05-23 20:55:37,040 [django.server:124] [basehttp:log_message] [INFO]- "GET /static/assets/img/logo.png HTTP/1.1" 200 11481
2018-05-23 20:55:37,047 [django.server:124] [basehttp:log_message] [INFO]- "GET /static/assets/img/loading.GIF HTTP/1.1" 200 63798
2018-05-23 20:55:37,057 [django.server:124] [basehttp:log_message] [INFO]- "GET /static/assets/js/wow.min.js HTTP/1.1" 200 6300
2018-05-23 20:55:37,326 [django.server:124] [basehttp:log_message] [INFO]- "GET /static/assets/img/bg.jpg HTTP/1.1" 200 134726
2018-05-23 20:57:37,393 [django.server:124] [basehttp:log_message] [ERROR]- "GET /login/ HTTP/1.1" 500 66630
2018-05-23 20:58:32,561 [django.server:124] [basehttp:log_message] [ERROR]- "GET /login/ HTTP/1.1" 500 66762
2018-05-23 20:58:33,319 [django.server:124] [basehttp:log_message] [ERROR]- "GET /login/ HTTP/1.1" 500 66762
2018-05-23 20:58:34,756 [django.server:124] [basehttp:log_message] [ERROR]- "GET /login/ HTTP/1.1" 500 66762
2018-05-23 20:58:34,937 [django.server:124] [basehttp:log_message] [ERROR]- "GET /login/ HTTP/1.1" 500 66761
2018-05-23 20:58:35,177 [django.server:124] [basehttp:log_message] [ERROR]- "GET /login/ HTTP/1.1" 500 66762
2018-05-23 20:59:07,262 [django.server:124] [basehttp:log_message] [ERROR]- "GET /login/ HTTP/1.1" 500 66629
2018-05-23 21:01:43,785 [django.server:124] [basehttp:log_message] [INFO]- "GET /login/ HTTP/1.1" 200 5281
2018-05-23 21:04:18,857 [django.server:124] [basehttp:log_message] [INFO]- "GET /login/ HTTP/1.1" 200 5281
2018-05-23 21:04:38,300 [django.server:124] [basehttp:log_message] [INFO]- "GET /login/ HTTP/1.1" 200 5281
2018-05-23 21:04:43,349 [django.server:124] [basehttp:log_message] [WARNING]- "GET /api/register/ HTTP/1.1" 404 2228
2018-05-23 21:06:57,792 [django.server:124] [basehttp:log_message] [WARNING]- "GET /api/register/ HTTP/1.1" 404 2228
2018-05-23 21:07:00,996 [django.server:124] [basehttp:log_message] [WARNING]- "GET /log HTTP/1.1" 404 2198
2018-05-23 21:07:05,303 [django.server:124] [basehttp:log_message] [INFO]- "GET /login HTTP/1.1" 301 0
2018-05-23 21:07:05,561 [django.server:124] [basehttp:log_message] [INFO]- "GET /login/ HTTP/1.1" 200 5277
2018-05-23 21:07:07,296 [django.server:124] [basehttp:log_message] [INFO]- "GET /register/ HTTP/1.1" 200 7360
2018-05-23 21:07:09,058 [django.server:124] [basehttp:log_message] [INFO]- "GET /login/ HTTP/1.1" 200 5277
2018-05-23 21:07:10,290 [django.server:124] [basehttp:log_message] [INFO]- "GET /register/ HTTP/1.1" 200 7360
2018-05-23 21:07:16,716 [django.server:124] [basehttp:log_message] [ERROR]- "POST /register/ HTTP/1.1" 500 16444
2018-05-23 21:07:40,070 [django.server:124] [basehttp:log_message] [ERROR]- "POST /register/ HTTP/1.1" 500 16444
2018-05-23 21:10:25,267 [django.server:124] [basehttp:log_message] [INFO]- "GET /login/ HTTP/1.1" 200 5277
2018-05-23 21:10:30,132 [django.server:124] [basehttp:log_message] [WARNING]- "POST /api/login/ HTTP/1.1" 404 2220
2018-05-23 21:10:34,177 [django.server:124] [basehttp:log_message] [INFO]- "GET /register/ HTTP/1.1" 200 7360
2018-05-23 21:12:40,524 [django.server:124] [basehttp:log_message] [INFO]- "GET /register/ HTTP/1.1" 200 7360
2018-05-23 21:13:37,939 [django.server:124] [basehttp:log_message] [ERROR]- "POST /register/ HTTP/1.1" 500 18427
2018-05-23 21:14:37,638 [django.server:124] [basehttp:log_message] [ERROR]- "POST /register/ HTTP/1.1" 500 18428
2018-05-23 21:14:42,332 [django.server:124] [basehttp:log_message] [ERROR]- "POST /register/ HTTP/1.1" 500 18428
2018-05-23 21:15:23,761 [django.server:124] [basehttp:log_message] [ERROR]- "POST /register/ HTTP/1.1" 500 18428
2018-05-23 21:17:02,162 [django.server:124] [basehttp:log_message] [INFO]- "GET /register/ HTTP/1.1" 200 7360
2018-05-23 21:17:02,309 [django.server:124] [basehttp:log_message] [INFO]- "GET /static/assets/css/css-index.css HTTP/1.1" 200 21336
2018-05-23 21:17:02,504 [django.server:124] [basehttp:log_message] [INFO]- "GET /static/assets/img/loading.GIF HTTP/1.1" 200 63798
2018-05-23 21:17:02,737 [django.server:124] [basehttp:log_message] [INFO]- "GET /static/assets/js/jquery.sticky.js HTTP/1.1" 200 7138
2018-05-23 21:17:02,739 [django.server:124] [basehttp:log_message] [INFO]- "GET /static/assets/img/logo.png HTTP/1.1" 200 11481
2018-05-23 21:17:02,741 [django.server:124] [basehttp:log_message] [INFO]- "GET /static/assets/js/wow.min.js HTTP/1.1" 200 6300
2018-05-23 21:17:02,742 [django.server:124] [basehttp:log_message] [INFO]- "GET /static/assets/js/custom.js HTTP/1.1" 200 5955
2018-05-23 21:17:02,745 [django.server:124] [basehttp:log_message] [INFO]- "GET /static/assets/js/owl.carousel.min.js HTTP/1.1" 200 23936
2018-05-23 21:17:02,832 [django.server:124] [basehttp:log_message] [INFO]- "GET /static/assets/img/bg.jpg HTTP/1.1" 200 134726
2018-05-23 21:17:10,893 [django.server:124] [basehttp:log_message] [INFO]- "POST /register/ HTTP/1.1" 200 5277
2018-05-23 21:17:39,543 [django.server:124] [basehttp:log_message] [INFO]- "GET /register/ HTTP/1.1" 200 7360
2018-05-23 21:17:46,361 [django.server:124] [basehttp:log_message] [INFO]- "POST /register/ HTTP/1.1" 200 5277
2018-05-23 21:26:20,648 [django.server:124] [basehttp:log_message] [INFO]- "GET /register/ HTTP/1.1" 200 7400
2018-05-23 21:26:33,358 [django.server:124] [basehttp:log_message] [INFO]- "POST /register/ HTTP/1.1" 200 5277
2018-05-23 21:27:24,627 [django.server:124] [basehttp:log_message] [INFO]- "GET /register/ HTTP/1.1" 200 7400
2018-05-23 21:27:33,147 [django.server:124] [basehttp:log_message] [ERROR]- "POST /register/ HTTP/1.1" 500 18427
2018-05-23 21:33:26,511 [django.server:124] [basehttp:log_message] [INFO]- "GET /register/ HTTP/1.1" 200 7400
2018-05-23 21:33:33,261 [django.server:124] [basehttp:log_message] [ERROR]- "POST /register/ HTTP/1.1" 500 18428
2018-05-23 21:39:25,558 [django.server:124] [basehttp:log_message] [INFO]- "GET /register/ HTTP/1.1" 200 7400
2018-05-23 21:39:35,469 [django.server:124] [basehttp:log_message] [ERROR]- "POST /register/ HTTP/1.1" 500 18428
2018-05-23 21:39:40,519 [django.server:124] [basehttp:log_message] [INFO]- "GET /register/ HTTP/1.1" 200 7400
2018-05-23 21:51:09,975 [django.server:124] [basehttp:log_message] [INFO]- "GET /register/ HTTP/1.1" 200 7400
2018-05-23 21:51:17,776 [django.server:124] [basehttp:log_message] [ERROR]- "POST /register/ HTTP/1.1" 500 27
2018-05-23 21:52:05,924 [django.server:124] [basehttp:log_message] [INFO]- "GET /register/ HTTP/1.1" 200 7400
2018-05-23 21:52:12,070 [django.server:124] [basehttp:log_message] [ERROR]- "POST /register/ HTTP/1.1" 500 27
2018-05-23 21:52:35,694 [django.server:124] [basehttp:log_message] [INFO]- "GET /register/ HTTP/1.1" 200 7400
2018-05-23 21:52:41,938 [django.server:124] [basehttp:log_message] [ERROR]- "POST /register/ HTTP/1.1" 500 27
2018-05-23 21:52:56,114 [django.server:124] [basehttp:log_message] [INFO]- "GET /register/ HTTP/1.1" 200 7400
2018-05-23 21:52:56,363 [django.server:124] [basehttp:log_message] [WARNING]- "GET /static/assets/css/css-index.css HTTP/1.1" 404 105
2018-05-23 21:52:56,460 [django.server:124] [basehttp:log_message] [WARNING]- "GET /static/assets/img/loading.GIF HTTP/1.1" 404 103
2018-05-23 21:52:56,578 [django.server:124] [basehttp:log_message] [WARNING]- "GET /static/assets/js/custom.js HTTP/1.1" 404 100
2018-05-23 21:52:56,697 [django.server:124] [basehttp:log_message] [WARNING]- "GET /static/assets/js/jquery.sticky.js HTTP/1.1" 404 107
2018-05-23 21:52:56,741 [django.server:124] [basehttp:log_message] [WARNING]- "GET /static/assets/js/owl.carousel.min.js HTTP/1.1" 404 110
2018-05-23 21:52:56,747 [django.server:124] [basehttp:log_message] [WARNING]- "GET /static/assets/js/wow.min.js HTTP/1.1" 404 101
2018-05-23 21:52:56,752 [django.server:124] [basehttp:log_message] [WARNING]- "GET /static/assets/img/logo.png HTTP/1.1" 404 100
2018-05-23 21:52:56,789 [django.server:124] [basehttp:log_message] [WARNING]- "GET /static/assets/img/bg.jpg HTTP/1.1" 404 98
2018-05-23 21:52:56,900 [django.server:124] [basehttp:log_message] [WARNING]- "GET /static/assets/js/owl.carousel.min.js HTTP/1.1" 404 110
2018-05-23 21:53:10,747 [django.server:124] [basehttp:log_message] [INFO]- "GET /register/ HTTP/1.1" 200 7400
2018-05-23 21:53:10,997 [django.server:124] [basehttp:log_message] [WARNING]- "GET /static/assets/css/css-index.css HTTP/1.1" 404 105
2018-05-23 21:53:11,111 [django.server:124] [basehttp:log_message] [WARNING]- "GET /static/assets/img/loading.GIF HTTP/1.1" 404 103
2018-05-23 21:53:11,160 [django.server:124] [basehttp:log_message] [WARNING]- "GET /static/assets/js/wow.min.js HTTP/1.1" 404 101
2018-05-23 21:53:11,379 [django.server:124] [basehttp:log_message] [WARNING]- "GET /static/assets/js/custom.js HTTP/1.1" 404 100
2018-05-23 21:53:11,381 [django.server:124] [basehttp:log_message] [WARNING]- "GET /static/assets/js/jquery.sticky.js HTTP/1.1" 404 107
2018-05-23 21:53:11,383 [django.server:124] [basehttp:log_message] [WARNING]- "GET /static/assets/js/owl.carousel.min.js HTTP/1.1" 404 110
2018-05-23 21:53:11,394 [django.server:124] [basehttp:log_message] [WARNING]- "GET /static/assets/img/logo.png HTTP/1.1" 404 100
2018-05-23 21:53:11,438 [django.server:124] [basehttp:log_message] [WARNING]- "GET /static/assets/js/wow.min.js HTTP/1.1" 404 101
2018-05-23 21:53:11,483 [django.server:124] [basehttp:log_message] [WARNING]- "GET /static/assets/img/bg.jpg HTTP/1.1" 404 98
2018-05-23 21:53:11,707 [django.server:124] [basehttp:log_message] [WARNING]- "GET /static/assets/js/owl.carousel.min.js HTTP/1.1" 404 110
2018-05-23 21:53:53,120 [django.server:124] [basehttp:log_message] [INFO]- "GET /register/ HTTP/1.1" 200 7400
2018-05-23 21:53:53,373 [django.server:124] [basehttp:log_message] [WARNING]- "GET /static/assets/css/css-index.css HTTP/1.1" 404 105
2018-05-23 21:53:53,473 [django.server:124] [basehttp:log_message] [WARNING]- "GET /static/assets/img/loading.GIF HTTP/1.1" 404 103
2018-05-23 21:53:53,677 [django.server:124] [basehttp:log_message] [WARNING]- "GET /static/assets/js/wow.min.js HTTP/1.1" 404 101
2018-05-23 21:53:53,735 [django.server:124] [basehttp:log_message] [WARNING]- "GET /static/assets/js/custom.js HTTP/1.1" 404 100
2018-05-23 21:53:53,736 [django.server:124] [basehttp:log_message] [WARNING]- "GET /static/assets/js/owl.carousel.min.js HTTP/1.1" 404 110
2018-05-23 21:53:53,742 [django.server:124] [basehttp:log_message] [WARNING]- "GET /static/assets/js/jquery.sticky.js HTTP/1.1" 404 107
2018-05-23 21:53:53,747 [django.server:124] [basehttp:log_message] [WARNING]- "GET /static/assets/img/logo.png HTTP/1.1" 404 100
2018-05-23 21:53:53,794 [django.server:124] [basehttp:log_message] [WARNING]- "GET /static/assets/js/wow.min.js HTTP/1.1" 404 101
2018-05-23 21:53:54,024 [django.server:124] [basehttp:log_message] [WARNING]- "GET /static/assets/js/owl.carousel.min.js HTTP/1.1" 404 110
2018-05-23 21:53:54,075 [django.server:124] [basehttp:log_message] [WARNING]- "GET /static/assets/img/bg.jpg HTTP/1.1" 404 98
2018-05-23 21:55:16,108 [django.server:124] [basehttp:log_message] [INFO]- "GET /register/ HTTP/1.1" 200 7400
2018-05-23 21:55:16,369 [django.server:124] [basehttp:log_message] [WARNING]- "GET /static/assets/css/css-index.css HTTP/1.1" 404 105
2018-05-23 21:55:16,472 [django.server:124] [basehttp:log_message] [WARNING]- "GET /static/assets/img/loading.GIF HTTP/1.1" 404 103
2018-05-23 21:55:16,747 [django.server:124] [basehttp:log_message] [WARNING]- "GET /static/assets/js/jquery.sticky.js HTTP/1.1" 404 107
2018-05-23 21:55:16,762 [django.server:124] [basehttp:log_message] [WARNING]- "GET /static/assets/js/wow.min.js HTTP/1.1" 404 101
2018-05-23 21:55:16,782 [django.server:124] [basehttp:log_message] [WARNING]- "GET /static/assets/js/owl.carousel.min.js HTTP/1.1" 404 110
2018-05-23 21:55:16,813 [django.server:124] [basehttp:log_message] [WARNING]- "GET /static/assets/js/custom.js HTTP/1.1" 404 100
2018-05-23 21:55:16,816 [django.server:124] [basehttp:log_message] [WARNING]- "GET /static/assets/img/logo.png HTTP/1.1" 404 100
2018-05-23 21:55:16,819 [django.server:124] [basehttp:log_message] [WARNING]- "GET /static/assets/img/bg.jpg HTTP/1.1" 404 98
2018-05-23 21:55:17,081 [django.server:124] [basehttp:log_message] [WARNING]- "GET /static/assets/js/jquery.sticky.js HTTP/1.1" 404 107
2018-05-23 21:55:17,145 [django.server:124] [basehttp:log_message] [WARNING]- "GET /static/assets/js/wow.min.js HTTP/1.1" 404 101
2018-05-23 21:55:17,400 [django.server:124] [basehttp:log_message] [WARNING]- "GET /static/assets/js/owl.carousel.min.js HTTP/1.1" 404 110
2018-05-23 21:55:24,061 [django.server:124] [basehttp:log_message] [INFO]- "GET /login/ HTTP/1.1" 200 5277
2018-05-23 21:55:24,394 [django.server:124] [basehttp:log_message] [WARNING]- "GET /static/assets/css/css-index.css HTTP/1.1" 404 105
2018-05-23 21:55:24,475 [django.server:124] [basehttp:log_message] [WARNING]- "GET /static/assets/img/loading.GIF HTTP/1.1" 404 103
2018-05-23 21:55:24,645 [django.server:124] [basehttp:log_message] [WARNING]- "GET /static/assets/js/wow.min.js HTTP/1.1" 404 101
2018-05-23 21:55:24,741 [django.server:124] [basehttp:log_message] [WARNING]- "GET /static/assets/js/custom.js HTTP/1.1" 404 100
2018-05-23 21:55:24,744 [django.server:124] [basehttp:log_message] [WARNING]- "GET /static/assets/js/jquery.sticky.js HTTP/1.1" 404 107
2018-05-23 21:55:24,769 [django.server:124] [basehttp:log_message] [WARNING]- "GET /static/assets/js/owl.carousel.min.js HTTP/1.1" 404 110
2018-05-23 21:55:24,774 [django.server:124] [basehttp:log_message] [WARNING]- "GET /static/assets/img/logo.png HTTP/1.1" 404 100
2018-05-23 21:55:24,813 [django.server:124] [basehttp:log_message] [WARNING]- "GET /static/assets/img/bg.jpg HTTP/1.1" 404 98
2018-05-23 21:55:24,966 [django.server:124] [basehttp:log_message] [WARNING]- "GET /static/assets/js/wow.min.js HTTP/1.1" 404 101
2018-05-23 21:55:25,069 [django.server:124] [basehttp:log_message] [WARNING]- "GET /static/assets/js/owl.carousel.min.js HTTP/1.1" 404 110
2018-05-23 21:55:34,232 [django.server:124] [basehttp:log_message] [INFO]- "GET /login/ HTTP/1.1" 200 5277
2018-05-23 21:55:34,305 [django.server:124] [basehttp:log_message] [WARNING]- "GET /static/assets/css/css-index.css HTTP/1.1" 404 105
2018-05-23 21:55:34,389 [django.server:124] [basehttp:log_message] [WARNING]- "GET /static/assets/js/custom.js HTTP/1.1" 404 100
2018-05-23 21:55:34,470 [django.server:124] [basehttp:log_message] [WARNING]- "GET /static/assets/js/wow.min.js HTTP/1.1" 404 101
2018-05-23 21:55:34,473 [django.server:124] [basehttp:log_message] [WARNING]- "GET /static/assets/js/jquery.sticky.js HTTP/1.1" 404 107
2018-05-23 21:55:34,476 [django.server:124] [basehttp:log_message] [WARNING]- "GET /static/assets/js/owl.carousel.min.js HTTP/1.1" 404 110
2018-05-23 21:55:34,727 [django.server:124] [basehttp:log_message] [WARNING]- "GET /static/assets/js/custom.js HTTP/1.1" 404 100
2018-05-23 21:55:34,811 [django.server:124] [basehttp:log_message] [WARNING]- "GET /static/assets/img/logo.png HTTP/1.1" 404 100
2018-05-23 21:55:34,814 [django.server:124] [basehttp:log_message] [WARNING]- "GET /static/assets/js/jquery.sticky.js HTTP/1.1" 404 107
2018-05-23 21:55:34,850 [django.server:124] [basehttp:log_message] [WARNING]- "GET /static/assets/img/bg.jpg HTTP/1.1" 404 98
2018-05-23 21:55:34,853 [django.server:124] [basehttp:log_message] [WARNING]- "GET /static/assets/js/wow.min.js HTTP/1.1" 404 101
2018-05-23 21:55:34,938 [django.server:124] [basehttp:log_message] [WARNING]- "GET /static/assets/img/loading.GIF HTTP/1.1" 404 103
2018-05-23 21:55:35,073 [django.server:124] [basehttp:log_message] [WARNING]- "GET /static/assets/js/owl.carousel.min.js HTTP/1.1" 404 110
2018-05-23 21:55:46,546 [django.server:124] [basehttp:log_message] [INFO]- "GET /login/ HTTP/1.1" 200 5277
2018-05-23 21:55:46,802 [django.server:124] [basehttp:log_message] [WARNING]- "GET /static/assets/css/css-index.css HTTP/1.1" 404 105
2018-05-23 21:55:46,887 [django.server:124] [basehttp:log_message] [WARNING]- "GET /static/assets/js/jquery.sticky.js HTTP/1.1" 404 107
2018-05-23 21:55:47,067 [django.server:124] [basehttp:log_message] [WARNING]- "GET /static/assets/js/owl.carousel.min.js HTTP/1.1" 404 110
2018-05-23 21:55:47,168 [django.server:124] [basehttp:log_message] [WARNING]- "GET /static/assets/js/custom.js HTTP/1.1" 404 100
2018-05-23 21:55:47,173 [django.server:124] [basehttp:log_message] [WARNING]- "GET /static/assets/img/logo.png HTTP/1.1" 404 100
2018-05-23 21:55:47,176 [django.server:124] [basehttp:log_message] [WARNING]- "GET /static/assets/js/wow.min.js HTTP/1.1" 404 101
2018-05-23 21:55:47,180 [django.server:124] [basehttp:log_message] [WARNING]- "GET /static/assets/img/bg.jpg HTTP/1.1" 404 98
2018-05-23 21:55:47,212 [django.server:124] [basehttp:log_message] [WARNING]- "GET /static/assets/img/loading.GIF HTTP/1.1" 404 103
2018-05-23 21:55:47,391 [django.server:124] [basehttp:log_message] [WARNING]- "GET /static/assets/js/jquery.sticky.js HTTP/1.1" 404 107
2018-05-23 21:55:47,503 [django.server:124] [basehttp:log_message] [WARNING]- "GET /static/assets/js/wow.min.js HTTP/1.1" 404 101
2018-05-23 21:55:47,529 [django.server:124] [basehttp:log_message] [WARNING]- "GET /static/assets/js/owl.carousel.min.js HTTP/1.1" 404 110
2018-05-23 21:55:49,328 [django.server:124] [basehttp:log_message] [WARNING]- "GET /static/assets/css/css-index.css HTTP/1.1" 404 105
2018-05-23 21:55:58,636 [django.server:124] [basehttp:log_message] [INFO]- "GET /login/ HTTP/1.1" 200 5277
2018-05-23 21:55:58,885 [django.server:124] [basehttp:log_message] [WARNING]- "GET /static/assets/css/css-index.css HTTP/1.1" 404 105
2018-05-23 21:55:58,970 [django.server:124] [basehttp:log_message] [WARNING]- "GET /static/assets/img/loading.GIF HTTP/1.1" 404 103
2018-05-23 21:55:59,010 [django.server:124] [basehttp:log_message] [WARNING]- "GET /static/assets/js/wow.min.js HTTP/1.1" 404 101
2018-05-23 21:55:59,240 [django.server:124] [basehttp:log_message] [WARNING]- "GET /static/assets/js/custom.js HTTP/1.1" 404 100
2018-05-23 21:55:59,243 [django.server:124] [basehttp:log_message] [WARNING]- "GET /static/assets/js/jquery.sticky.js HTTP/1.1" 404 107
2018-05-23 21:55:59,247 [django.server:124] [basehttp:log_message] [WARNING]- "GET /static/assets/js/owl.carousel.min.js HTTP/1.1" 404 110
2018-05-23 21:55:59,254 [django.server:124] [basehttp:log_message] [WARNING]- "GET /static/assets/img/logo.png HTTP/1.1" 404 100
2018-05-23 21:55:59,306 [django.server:124] [basehttp:log_message] [WARNING]- "GET /static/assets/js/wow.min.js HTTP/1.1" 404 101
2018-05-23 21:55:59,332 [django.server:124] [basehttp:log_message] [WARNING]- "GET /static/assets/js/owl.carousel.min.js HTTP/1.1" 404 110
2018-05-23 21:55:59,589 [django.server:124] [basehttp:log_message] [WARNING]- "GET /static/assets/img/bg.jpg HTTP/1.1" 404 98
2018-05-23 21:56:40,992 [django.server:124] [basehttp:log_message] [INFO]- "GET /login/ HTTP/1.1" 200 5277
2018-05-23 21:56:41,243 [django.server:124] [basehttp:log_message] [WARNING]- "GET /static/assets/css/css-index.css HTTP/1.1" 404 105
2018-05-23 21:56:41,328 [django.server:124] [basehttp:log_message] [WARNING]- "GET /static/assets/img/loading.GIF HTTP/1.1" 404 103
2018-05-23 21:56:41,504 [django.server:124] [basehttp:log_message] [WARNING]- "GET /static/assets/js/custom.js HTTP/1.1" 404 100
2018-05-23 21:56:41,593 [django.server:124] [basehttp:log_message] [WARNING]- "GET /static/assets/js/jquery.sticky.js HTTP/1.1" 404 107
2018-05-23 21:56:41,602 [django.server:124] [basehttp:log_message] [WARNING]- "GET /static/assets/js/wow.min.js HTTP/1.1" 404 101
2018-05-23 21:56:41,610 [django.server:124] [basehttp:log_message] [WARNING]- "GET /static/assets/js/owl.carousel.min.js HTTP/1.1" 404 110
2018-05-23 21:56:41,625 [django.server:124] [basehttp:log_message] [WARNING]- "GET /static/assets/img/logo.png HTTP/1.1" 404 100
2018-05-23 21:56:41,664 [django.server:124] [basehttp:log_message] [WARNING]- "GET /static/assets/img/bg.jpg HTTP/1.1" 404 98
2018-05-23 21:56:43,373 [django.server:124] [basehttp:log_message] [INFO]- "GET /login/ HTTP/1.1" 200 5277
2018-05-23 21:56:43,415 [django.server:124] [basehttp:log_message] [WARNING]- "GET /static/assets/css/css-index.css HTTP/1.1" 404 105
2018-05-23 21:56:43,771 [django.server:124] [basehttp:log_message] [INFO]- "GET /login/ HTTP/1.1" 200 5277
2018-05-23 21:56:43,778 [django.server:124] [basehttp:log_message] [WARNING]- "GET /static/assets/js/jquery.sticky.js HTTP/1.1" 404 107
2018-05-23 21:56:43,801 [django.server:124] [basehttp:log_message] [WARNING]- "GET /static/assets/img/loading.GIF HTTP/1.1" 404 103
2018-05-23 21:56:43,806 [django.server:124] [basehttp:log_message] [WARNING]- "GET /static/assets/js/wow.min.js HTTP/1.1" 404 101
2018-05-23 21:56:43,832 [django.server:124] [basehttp:log_message] [WARNING]- "GET /static/assets/js/owl.carousel.min.js HTTP/1.1" 404 110
2018-05-23 21:56:43,858 [django.server:124] [basehttp:log_message] [WARNING]- "GET /static/assets/img/logo.png HTTP/1.1" 404 100
2018-05-23 21:56:44,108 [django.server:124] [basehttp:log_message] [WARNING]- "GET /static/assets/css/css-index.css HTTP/1.1" 404 105
2018-05-23 21:56:44,111 [django.server:124] [basehttp:log_message] [INFO]- "GET /login/ HTTP/1.1" 200 5277
2018-05-23 21:56:44,213 [django.server:124] [basehttp:log_message] [WARNING]- "GET /static/assets/img/loading.GIF HTTP/1.1" 404 103
2018-05-23 21:56:44,218 [django.server:124] [basehttp:log_message] [WARNING]- "GET /static/assets/img/bg.jpg HTTP/1.1" 404 98
2018-05-23 21:56:44,223 [django.server:124] [basehttp:log_message] [WARNING]- "GET /static/assets/img/logo.png HTTP/1.1" 404 100
2018-05-23 21:56:44,345 [django.server:124] [basehttp:log_message] [WARNING]- "GET /static/assets/css/css-index.css HTTP/1.1" 404 105
2018-05-23 21:56:44,446 [django.server:124] [basehttp:log_message] [INFO]- "GET /login/ HTTP/1.1" 200 5277
2018-05-23 21:56:44,505 [django.server:124] [basehttp:log_message] [WARNING]- "GET /static/assets/img/bg.jpg HTTP/1.1" 404 98
2018-05-23 21:56:44,523 [django.server:124] [basehttp:log_message] [WARNING]- "GET /static/assets/img/loading.GIF HTTP/1.1" 404 103
2018-05-23 21:56:44,525 [django.server:124] [basehttp:log_message] [WARNING]- "GET /static/assets/img/logo.png HTTP/1.1" 404 100
2018-05-23 21:56:44,528 [django.server:124] [basehttp:log_message] [WARNING]- "GET /static/assets/js/custom.js HTTP/1.1" 404 100
2018-05-23 21:56:44,662 [django.server:124] [basehttp:log_message] [INFO]- "GET /login/ HTTP/1.1" 200 5277
2018-05-23 21:56:44,805 [django.server:124] [basehttp:log_message] [WARNING]- "GET /static/assets/css/css-index.css HTTP/1.1" 404 105
2018-05-23 21:56:44,812 [django.server:124] [basehttp:log_message] [WARNING]- "GET /static/assets/js/custom.js HTTP/1.1" 404 100
2018-05-23 21:56:44,855 [django.server:124] [basehttp:log_message] [WARNING]- "GET /static/assets/img/bg.jpg HTTP/1.1" 404 98
2018-05-23 21:56:44,868 [django.server:124] [basehttp:log_message] [WARNING]- "GET /static/assets/img/loading.GIF HTTP/1.1" 404 103
2018-05-23 21:56:44,874 [django.server:124] [basehttp:log_message] [WARNING]- "GET /static/assets/img/logo.png HTTP/1.1" 404 100
2018-05-23 21:56:45,008 [django.server:124] [basehttp:log_message] [WARNING]- "GET /static/assets/img/logo.png HTTP/1.1" 404 100
2018-05-23 21:56:45,161 [django.server:124] [basehttp:log_message] [WARNING]- "GET /static/assets/img/loading.GIF HTTP/1.1" 404 103
2018-05-23 21:56:45,165 [django.server:124] [basehttp:log_message] [WARNING]- "GET /static/assets/js/wow.min.js HTTP/1.1" 404 101
2018-05-23 21:56:45,241 [django.server:124] [basehttp:log_message] [WARNING]- "GET /static/assets/js/jquery.sticky.js HTTP/1.1" 404 107
2018-05-23 21:56:45,261 [django.server:124] [basehttp:log_message] [WARNING]- "GET /static/assets/js/owl.carousel.min.js HTTP/1.1" 404 110
2018-05-23 21:56:45,291 [django.server:124] [basehttp:log_message] [WARNING]- "GET /static/assets/img/bg.jpg HTTP/1.1" 404 98
2018-05-23 21:56:45,354 [django.server:124] [basehttp:log_message] [WARNING]- "GET /static/assets/js/wow.min.js HTTP/1.1" 404 101
2018-05-23 21:56:45,495 [django.server:124] [basehttp:log_message] [WARNING]- "GET /static/assets/js/owl.carousel.min.js HTTP/1.1" 404 110
2018-05-23 21:58:01,401 [django.server:124] [basehttp:log_message] [INFO]- "GET /login/ HTTP/1.1" 200 5277
2018-05-23 21:58:01,652 [django.server:124] [basehttp:log_message] [WARNING]- "GET /static/assets/css/css-index.css HTTP/1.1" 404 105
2018-05-23 21:58:01,726 [django.server:124] [basehttp:log_message] [WARNING]- "GET /static/assets/img/loading.GIF HTTP/1.1" 404 103
2018-05-23 21:58:01,878 [django.server:124] [basehttp:log_message] [WARNING]- "GET /static/assets/js/custom.js HTTP/1.1" 404 100
2018-05-23 21:58:01,979 [django.server:124] [basehttp:log_message] [WARNING]- "GET /static/assets/js/jquery.sticky.js HTTP/1.1" 404 107
2018-05-23 21:58:01,981 [django.server:124] [basehttp:log_message] [WARNING]- "GET /static/assets/js/wow.min.js HTTP/1.1" 404 101
2018-05-23 21:58:01,984 [django.server:124] [basehttp:log_message] [WARNING]- "GET /static/assets/img/logo.png HTTP/1.1" 404 100
2018-05-23 21:58:01,985 [django.server:124] [basehttp:log_message] [WARNING]- "GET /static/assets/js/owl.carousel.min.js HTTP/1.1" 404 110
2018-05-23 21:58:02,043 [django.server:124] [basehttp:log_message] [WARNING]- "GET /static/assets/img/bg.jpg HTTP/1.1" 404 98
2018-05-23 21:58:02,491 [django.server:124] [basehttp:log_message] [INFO]- "GET /login/ HTTP/1.1" 200 5277
2018-05-23 21:58:02,544 [django.server:124] [basehttp:log_message] [WARNING]- "GET /static/assets/css/css-index.css HTTP/1.1" 404 105
2018-05-23 21:58:02,883 [django.server:124] [basehttp:log_message] [INFO]- "GET /login/ HTTP/1.1" 200 5277
2018-05-23 21:58:02,884 [django.server:124] [basehttp:log_message] [WARNING]- "GET /static/assets/js/jquery.sticky.js HTTP/1.1" 404 107
2018-05-23 21:58:02,885 [django.server:124] [basehttp:log_message] [WARNING]- "GET /static/assets/img/loading.GIF HTTP/1.1" 404 103
2018-05-23 21:58:02,888 [django.server:124] [basehttp:log_message] [WARNING]- "GET /static/assets/js/wow.min.js HTTP/1.1" 404 101
2018-05-23 21:58:02,889 [django.server:124] [basehttp:log_message] [WARNING]- "GET /static/assets/js/owl.carousel.min.js HTTP/1.1" 404 110
2018-05-23 21:58:02,926 [django.server:124] [basehttp:log_message] [WARNING]- "GET /static/assets/css/css-index.css HTTP/1.1" 404 105
2018-05-23 21:58:03,210 [django.server:124] [basehttp:log_message] [INFO]- "GET /login/ HTTP/1.1" 200 5277
2018-05-23 21:58:03,249 [django.server:124] [basehttp:log_message] [WARNING]- "GET /static/assets/img/logo.png HTTP/1.1" 404 100
2018-05-23 21:58:03,251 [django.server:124] [basehttp:log_message] [WARNING]- "GET /static/assets/img/loading.GIF HTTP/1.1" 404 103
2018-05-23 21:58:03,252 [django.server:124] [basehttp:log_message] [WARNING]- "GET /static/assets/img/bg.jpg HTTP/1.1" 404 98
2018-05-23 21:58:03,267 [django.server:124] [basehttp:log_message] [INFO]- "GET /login/ HTTP/1.1" 200 5277
2018-05-23 21:58:03,268 [django.server:124] [basehttp:log_message] [WARNING]- "GET /static/assets/js/custom.js HTTP/1.1" 404 100
2018-05-23 21:58:03,532 [django.server:124] [basehttp:log_message] [WARNING]- "GET /static/assets/css/css-index.css HTTP/1.1" 404 105
2018-05-23 21:58:03,534 [django.server:124] [basehttp:log_message] [WARNING]- "GET /static/assets/js/custom.js HTTP/1.1" 404 100
2018-05-23 21:58:03,570 [django.server:124] [basehttp:log_message] [WARNING]- "GET /static/assets/js/wow.min.js HTTP/1.1" 404 101
2018-05-23 21:58:03,576 [django.server:124] [basehttp:log_message] [WARNING]- "GET /static/assets/js/jquery.sticky.js HTTP/1.1" 404 107
2018-05-23 21:58:03,580 [django.server:124] [basehttp:log_message] [WARNING]- "GET /static/assets/js/owl.carousel.min.js HTTP/1.1" 404 110
2018-05-23 21:58:03,591 [django.server:124] [basehttp:log_message] [WARNING]- "GET /static/assets/img/loading.GIF HTTP/1.1" 404 103
2018-05-23 21:58:03,851 [django.server:124] [basehttp:log_message] [WARNING]- "GET /static/assets/img/loading.GIF HTTP/1.1" 404 103
2018-05-23 21:58:03,853 [django.server:124] [basehttp:log_message] [WARNING]- "GET /static/assets/img/logo.png HTTP/1.1" 404 100
2018-05-23 21:58:03,901 [django.server:124] [basehttp:log_message] [WARNING]- "GET /static/assets/img/bg.jpg HTTP/1.1" 404 98
2018-05-23 21:58:03,902 [django.server:124] [basehttp:log_message] [WARNING]- "GET /static/assets/img/logo.png HTTP/1.1" 404 100
2018-05-23 21:58:03,916 [django.server:124] [basehttp:log_message] [WARNING]- "GET /static/assets/img/bg.jpg HTTP/1.1" 404 98
2018-05-23 21:59:09,108 [django.server:124] [basehttp:log_message] [INFO]- "GET /login/ HTTP/1.1" 200 5277
2018-05-23 21:59:09,317 [django.server:124] [basehttp:log_message] [WARNING]- "GET /static/assets/css/css-index.css HTTP/1.1" 404 105
2018-05-23 21:59:09,428 [django.server:124] [basehttp:log_message] [WARNING]- "GET /static/assets/img/loading.GIF HTTP/1.1" 404 103
2018-05-23 21:59:09,597 [django.server:124] [basehttp:log_message] [WARNING]- "GET /static/assets/js/custom.js HTTP/1.1" 404 100
2018-05-23 21:59:09,633 [django.server:124] [basehttp:log_message] [WARNING]- "GET /static/assets/js/jquery.sticky.js HTTP/1.1" 404 107
2018-05-23 21:59:09,633 [django.server:124] [basehttp:log_message] [WARNING]- "GET /static/assets/js/wow.min.js HTTP/1.1" 404 101
2018-05-23 21:59:09,634 [django.server:124] [basehttp:log_message] [WARNING]- "GET /static/assets/js/owl.carousel.min.js HTTP/1.1" 404 110
2018-05-23 21:59:09,634 [django.server:124] [basehttp:log_message] [WARNING]- "GET /static/assets/img/logo.png HTTP/1.1" 404 100
2018-05-23 21:59:09,737 [django.server:124] [basehttp:log_message] [WARNING]- "GET /static/assets/img/bg.jpg HTTP/1.1" 404 98
2018-05-23 21:59:10,128 [django.server:124] [basehttp:log_message] [INFO]- "GET /login/ HTTP/1.1" 200 5277
2018-05-23 21:59:10,457 [django.server:124] [basehttp:log_message] [WARNING]- "GET /static/assets/css/css-index.css HTTP/1.1" 404 105
2018-05-23 21:59:10,502 [django.server:124] [basehttp:log_message] [WARNING]- "GET /static/assets/js/custom.js HTTP/1.1" 404 100
2018-05-23 21:59:10,709 [django.server:124] [basehttp:log_message] [WARNING]- "GET /static/assets/js/jquery.sticky.js HTTP/1.1" 404 107
2018-05-23 21:59:10,775 [django.server:124] [basehttp:log_message] [WARNING]- "GET /static/assets/js/wow.min.js HTTP/1.1" 404 101
2018-05-23 21:59:10,775 [django.server:124] [basehttp:log_message] [WARNING]- "GET /static/assets/js/owl.carousel.min.js HTTP/1.1" 404 110
2018-05-23 21:59:10,775 [django.server:124] [basehttp:log_message] [WARNING]- "GET /static/assets/img/logo.png HTTP/1.1" 404 100
2018-05-23 21:59:10,776 [django.server:124] [basehttp:log_message] [WARNING]- "GET /static/assets/img/bg.jpg HTTP/1.1" 404 98
2018-05-23 21:59:10,812 [django.server:124] [basehttp:log_message] [WARNING]- "GET /static/assets/img/loading.GIF HTTP/1.1" 404 103
2018-05-23 21:59:11,090 [django.server:124] [basehttp:log_message] [WARNING]- "GET /static/assets/js/owl.carousel.min.js HTTP/1.1" 404 110
2018-05-23 22:01:52,796 [django.server:124] [basehttp:log_message] [INFO]- "GET /login/ HTTP/1.1" 200 5277
2018-05-23 22:01:53,032 [django.server:124] [basehttp:log_message] [INFO]- "GET /static/assets/css/css-index.css HTTP/1.1" 200 21336
2018-05-23 22:01:53,118 [django.server:124] [basehttp:log_message] [INFO]- "GET /static/assets/img/loading.GIF HTTP/1.1" 200 63798
2018-05-23 22:01:53,253 [django.server:124] [basehttp:log_message] [INFO]- "GET /static/assets/js/custom.js HTTP/1.1" 200 5955
2018-05-23 22:01:53,350 [django.server:124] [basehttp:log_message] [INFO]- "GET /static/assets/js/jquery.sticky.js HTTP/1.1" 200 7138
2018-05-23 22:01:53,350 [django.server:124] [basehttp:log_message] [INFO]- "GET /static/assets/js/wow.min.js HTTP/1.1" 200 6300
2018-05-23 22:01:53,350 [django.server:124] [basehttp:log_message] [INFO]- "GET /static/assets/img/logo.png HTTP/1.1" 200 11481
2018-05-23 22:01:53,350 [django.server:124] [basehttp:log_message] [INFO]- "GET /static/assets/js/owl.carousel.min.js HTTP/1.1" 200 23936
2018-05-23 22:01:53,438 [django.server:124] [basehttp:log_message] [INFO]- "GET /static/assets/img/bg.jpg HTTP/1.1" 200 134726
2018-05-23 22:02:51,418 [django.server:124] [basehttp:log_message] [INFO]- "GET /register/ HTTP/1.1" 200 7363
2018-05-23 22:06:53,554 [django.server:124] [basehttp:log_message] [INFO]- "GET /register/ HTTP/1.1" 200 7363
2018-05-23 22:09:14,679 [django.server:124] [basehttp:log_message] [ERROR]- "POST /register/ HTTP/1.1" 500 16869
2018-05-23 22:10:17,724 [django.server:124] [basehttp:log_message] [ERROR]- "POST /register/ HTTP/1.1" 500 16873
2018-05-23 22:12:07,293 [django.server:124] [basehttp:log_message] [INFO]- "GET /register/ HTTP/1.1" 200 7363
2018-05-23 22:12:16,517 [django.server:124] [basehttp:log_message] [INFO]- "POST /register/ HTTP/1.1" 302 0
2018-05-23 22:12:16,826 [django.server:124] [basehttp:log_message] [INFO]- "GET /login/ HTTP/1.1" 200 5277
2018-05-23 22:12:54,079 [django.server:124] [basehttp:log_message] [INFO]- "GET /register/ HTTP/1.1" 200 7363
2018-05-23 22:13:01,462 [django.server:124] [basehttp:log_message] [ERROR]- "POST /register/ HTTP/1.1" 500 16866
2018-05-23 22:21:24,393 [django.server:124] [basehttp:log_message] [INFO]- "GET /register/ HTTP/1.1" 200 7378
2018-05-23 22:21:35,561 [django.server:124] [basehttp:log_message] [ERROR]- "POST /register/ HTTP/1.1" 500 17316
2018-05-23 22:23:51,117 [django.server:124] [basehttp:log_message] [INFO]- "GET /register/ HTTP/1.1" 200 7378
2018-05-23 22:24:02,171 [django.server:124] [basehttp:log_message] [INFO]- "POST /register/ HTTP/1.1" 200 21
2018-05-23 22:24:02,315 [django.server:124] [basehttp:log_message] [INFO]- "GET /login/ HTTP/1.1" 200 5277
2018-05-23 22:24:28,218 [django.server:124] [basehttp:log_message] [WARNING]- "POST /api/login/ HTTP/1.1" 404 2220
2018-05-24 09:35:42,060 [django.server:124] [basehttp:log_message] [WARNING]- "GET /api/register/ HTTP/1.1" 404 2228
2018-05-24 09:35:42,306 [django.server:124] [basehttp:log_message] [WARNING]- "GET /favicon.ico HTTP/1.1" 404 2222
2018-05-24 09:35:45,491 [django.server:124] [basehttp:log_message] [INFO]- "GET /register/ HTTP/1.1" 200 7378
2018-05-24 09:35:45,774 [django.server:124] [basehttp:log_message] [INFO]- "GET /static/assets/js/custom.js HTTP/1.1" 200 5955
2018-05-24 09:35:45,775 [django.server:124] [basehttp:log_message] [INFO]- "GET /static/assets/css/css-index.css HTTP/1.1" 200 21336
2018-05-24 09:35:45,806 [django.server:124] [basehttp:log_message] [INFO]- "GET /static/assets/js/wow.min.js HTTP/1.1" 200 6300
2018-05-24 09:35:45,807 [django.server:124] [basehttp:log_message] [INFO]- "GET /static/assets/js/jquery.sticky.js HTTP/1.1" 200 7138
2018-05-24 09:35:45,808 [django.server:124] [basehttp:log_message] [INFO]- "GET /static/assets/js/owl.carousel.min.js HTTP/1.1" 200 23936
2018-05-24 09:35:46,106 [django.server:124] [basehttp:log_message] [INFO]- "GET /static/assets/img/logo.png HTTP/1.1" 200 11481
2018-05-24 09:35:46,146 [django.server:124] [basehttp:log_message] [INFO]- "GET /static/assets/img/loading.GIF HTTP/1.1" 200 63798
2018-05-24 09:35:46,157 [django.server:124] [basehttp:log_message] [INFO]- "GET /static/assets/img/bg.jpg HTTP/1.1" 200 134726
2018-05-24 09:36:06,091 [django.server:124] [basehttp:log_message] [ERROR]- "POST /register/ HTTP/1.1" 500 18889
2018-05-24 09:36:18,026 [django.server:124] [basehttp:log_message] [INFO]- "GET /static/assets/css/css-index.css HTTP/1.1" 304 0
2018-05-24 09:38:47,653 [django.server:124] [basehttp:log_message] [INFO]- "GET /register/ HTTP/1.1" 200 7378
2018-05-24 09:38:47,714 [django.server:124] [basehttp:log_message] [INFO]- "GET /static/assets/css/css-index.css HTTP/1.1" 304 0
2018-05-24 09:38:47,760 [django.server:124] [basehttp:log_message] [INFO]- "GET /static/assets/js/custom.js HTTP/1.1" 304 0
2018-05-24 09:38:47,761 [django.server:124] [basehttp:log_message] [INFO]- "GET /static/assets/js/jquery.sticky.js HTTP/1.1" 304 0
2018-05-24 09:38:47,763 [django.server:124] [basehttp:log_message] [INFO]- "GET /static/assets/js/wow.min.js HTTP/1.1" 304 0
2018-05-24 09:38:47,767 [django.server:124] [basehttp:log_message] [INFO]- "GET /static/assets/js/owl.carousel.min.js HTTP/1.1" 304 0
2018-05-24 09:38:48,076 [django.server:124] [basehttp:log_message] [INFO]- "GET /static/assets/img/bg.jpg HTTP/1.1" 304 0
2018-05-24 09:38:48,180 [django.server:124] [basehttp:log_message] [INFO]- "GET /static/assets/img/loading.GIF HTTP/1.1" 304 0
2018-05-24 09:38:48,181 [django.server:124] [basehttp:log_message] [INFO]- "GET /static/assets/img/logo.png HTTP/1.1" 304 0
2018-05-24 09:38:53,902 [django.server:124] [basehttp:log_message] [INFO]- "POST /register/ HTTP/1.1" 200 21
2018-05-24 09:38:54,219 [django.server:124] [basehttp:log_message] [INFO]- "GET /login/ HTTP/1.1" 200 5277
2018-05-24 09:38:58,347 [django.server:124] [basehttp:log_message] [WARNING]- "POST /api/login/ HTTP/1.1" 404 2220
2018-05-24 09:39:04,176 [django.server:124] [basehttp:log_message] [INFO]- "GET /register/ HTTP/1.1" 200 7378
2018-05-24 09:39:05,590 [django.server:124] [basehttp:log_message] [INFO]- "GET /login/ HTTP/1.1" 200 5277
2018-05-24 10:21:29,622 [django.server:124] [basehttp:log_message] [INFO]- "GET /register/ HTTP/1.1" 200 7378
2018-05-24 10:21:29,848 [django.server:124] [basehttp:log_message] [INFO]- "GET /static/assets/css/css-index.css HTTP/1.1" 200 21336
2018-05-24 10:21:29,946 [django.server:124] [basehttp:log_message] [INFO]- "GET /static/assets/img/loading.GIF HTTP/1.1" 200 63798
2018-05-24 10:21:30,067 [django.server:124] [basehttp:log_message] [INFO]- "GET /static/assets/js/custom.js HTTP/1.1" 200 5955
2018-05-24 10:21:30,155 [django.server:124] [basehttp:log_message] [INFO]- "GET /static/assets/js/owl.carousel.min.js HTTP/1.1" 200 23936
2018-05-24 10:21:30,157 [django.server:124] [basehttp:log_message] [INFO]- "GET /static/assets/js/jquery.sticky.js HTTP/1.1" 200 7138
2018-05-24 10:21:30,157 [django.server:124] [basehttp:log_message] [INFO]- "GET /static/assets/js/wow.min.js HTTP/1.1" 200 6300
2018-05-24 10:21:30,159 [django.server:124] [basehttp:log_message] [INFO]- "GET /static/assets/img/logo.png HTTP/1.1" 200 11481
2018-05-24 10:21:30,253 [django.server:124] [basehttp:log_message] [INFO]- "GET /static/assets/img/bg.jpg HTTP/1.1" 200 134726
2018-05-24 10:21:36,014 [django.server:124] [basehttp:log_message] [INFO]- "POST /register/ HTTP/1.1" 200 4
2018-05-24 10:23:54,229 [django.server:124] [basehttp:log_message] [INFO]- "GET /register/ HTTP/1.1" 200 7428
2018-05-24 10:23:59,686 [django.server:124] [basehttp:log_message] [INFO]- "POST /register/ HTTP/1.1" 200 92
2018-05-24 10:24:06,927 [django.server:124] [basehttp:log_message] [INFO]- "POST /register/ HTTP/1.1" 200 62
2018-05-24 10:24:08,348 [django.server:124] [basehttp:log_message] [INFO]- "GET /login/ HTTP/1.1" 200 5277
2018-05-24 10:29:41,510 [django.server:124] [basehttp:log_message] [INFO]- "GET /login/ HTTP/1.1" 200 5277
2018-05-24 10:29:41,740 [django.server:124] [basehttp:log_message] [INFO]- "GET /static/assets/css/css-index.css HTTP/1.1" 304 0
2018-05-24 10:29:41,825 [django.server:124] [basehttp:log_message] [INFO]- "GET /static/assets/img/loading.GIF HTTP/1.1" 304 0
2018-05-24 10:29:41,885 [django.server:124] [basehttp:log_message] [INFO]- "GET /static/assets/js/wow.min.js HTTP/1.1" 304 0
2018-05-24 10:29:42,047 [django.server:124] [basehttp:log_message] [INFO]- "GET /static/assets/js/jquery.sticky.js HTTP/1.1" 304 0
2018-05-24 10:29:42,047 [django.server:124] [basehttp:log_message] [INFO]- "GET /static/assets/js/custom.js HTTP/1.1" 304 0
2018-05-24 10:29:42,050 [django.server:124] [basehttp:log_message] [INFO]- "GET /static/assets/js/owl.carousel.min.js HTTP/1.1" 304 0
2018-05-24 10:29:42,050 [django.server:124] [basehttp:log_message] [INFO]- "GET /static/assets/img/logo.png HTTP/1.1" 304 0
2018-05-24 10:29:42,133 [django.server:124] [basehttp:log_message] [INFO]- "GET /static/assets/img/bg.jpg HTTP/1.1" 304 0
2018-05-24 10:29:49,449 [django.server:124] [basehttp:log_message] [INFO]- "GET /register/ HTTP/1.1" 200 7415
2018-05-24 10:29:54,303 [django.server:124] [basehttp:log_message] [INFO]- "POST /register/ HTTP/1.1" 200 88
2018-05-24 10:29:55,457 [django.server:124] [basehttp:log_message] [INFO]- "GET /login/ HTTP/1.1" 200 5277
2018-05-24 10:32:27,948 [django.server:124] [basehttp:log_message] [INFO]- "GET /login/ HTTP/1.1" 200 5277
2018-05-24 10:32:28,129 [django.server:124] [basehttp:log_message] [INFO]- "GET /login/ HTTP/1.1" 200 5277
2018-05-24 10:32:28,331 [django.server:124] [basehttp:log_message] [INFO]- "GET /login/ HTTP/1.1" 200 5277
2018-05-24 10:32:33,679 [django.server:124] [basehttp:log_message] [INFO]- "GET /register/ HTTP/1.1" 200 7415
2018-05-24 10:32:38,176 [django.server:124] [basehttp:log_message] [INFO]- "POST /register/ HTTP/1.1" 200 88
2018-05-24 10:32:39,526 [django.server:124] [basehttp:log_message] [INFO]- "GET /login/ HTTP/1.1" 200 5277
2018-05-24 10:38:09,071 [django.server:124] [basehttp:log_message] [INFO]- "GET /login/ HTTP/1.1" 200 5277
2018-05-24 10:38:09,301 [django.server:124] [basehttp:log_message] [INFO]- "GET /static/assets/css/css-index.css HTTP/1.1" 304 0
2018-05-24 10:38:09,387 [django.server:124] [basehttp:log_message] [INFO]- "GET /static/assets/img/loading.GIF HTTP/1.1" 304 0
2018-05-24 10:38:09,392 [django.server:124] [basehttp:log_message] [INFO]- "GET /static/assets/js/jquery.sticky.js HTTP/1.1" 304 0
2018-05-24 10:38:09,398 [django.server:124] [basehttp:log_message] [INFO]- "GET /static/assets/js/owl.carousel.min.js HTTP/1.1" 304 0
2018-05-24 10:38:09,403 [django.server:124] [basehttp:log_message] [INFO]- "GET /static/assets/js/custom.js HTTP/1.1" 304 0
2018-05-24 10:38:09,416 [django.server:124] [basehttp:log_message] [INFO]- "GET /static/assets/js/wow.min.js HTTP/1.1" 304 0
2018-05-24 10:38:09,606 [django.server:124] [basehttp:log_message] [INFO]- "GET /static/assets/img/logo.png HTTP/1.1" 304 0
2018-05-24 10:38:09,696 [django.server:124] [basehttp:log_message] [INFO]- "GET /static/assets/img/bg.jpg HTTP/1.1" 304 0
2018-05-24 10:38:11,366 [django.server:124] [basehttp:log_message] [INFO]- "GET /register/ HTTP/1.1" 200 7415
2018-05-24 10:38:40,508 [django.server:124] [basehttp:log_message] [INFO]- "GET /register/ HTTP/1.1" 200 7415
2018-05-24 10:38:42,458 [django.server:124] [basehttp:log_message] [INFO]- "GET /register/ HTTP/1.1" 200 7415
2018-05-24 10:38:42,784 [django.server:124] [basehttp:log_message] [INFO]- "GET /static/assets/css/css-index.css HTTP/1.1" 200 21336
2018-05-24 10:38:42,879 [django.server:124] [basehttp:log_message] [INFO]- "GET /static/assets/img/loading.GIF HTTP/1.1" 200 63798
2018-05-24 10:38:43,032 [django.server:124] [basehttp:log_message] [INFO]- "GET /static/assets/js/custom.js HTTP/1.1" 200 5955
2018-05-24 10:38:43,092 [django.server:124] [basehttp:log_message] [INFO]- "GET /static/assets/js/wow.min.js HTTP/1.1" 200 6300
2018-05-24 10:38:43,093 [django.server:124] [basehttp:log_message] [INFO]- "GET /static/assets/js/owl.carousel.min.js HTTP/1.1" 200 23936
2018-05-24 10:38:43,097 [django.server:124] [basehttp:log_message] [INFO]- "GET /static/assets/js/jquery.sticky.js HTTP/1.1" 200 7138
2018-05-24 10:38:43,100 [django.server:124] [basehttp:log_message] [INFO]- "GET /static/assets/img/logo.png HTTP/1.1" 200 11481
2018-05-24 10:38:43,186 [django.server:124] [basehttp:log_message] [INFO]- "GET /static/assets/img/bg.jpg HTTP/1.1" 200 134726
2018-05-24 10:39:09,601 [django.server:124] [basehttp:log_message] [INFO]- "GET /register/ HTTP/1.1" 200 7415
2018-05-24 10:54:28,493 [django.server:124] [basehttp:log_message] [INFO]- "GET /register/ HTTP/1.1" 200 7415
2018-05-24 10:54:28,718 [django.server:124] [basehttp:log_message] [INFO]- "GET /static/assets/css/css-index.css HTTP/1.1" 304 0
2018-05-24 10:54:28,807 [django.server:124] [basehttp:log_message] [INFO]- "GET /static/assets/img/loading.GIF HTTP/1.1" 304 0
2018-05-24 10:54:28,872 [django.server:124] [basehttp:log_message] [INFO]- "GET /static/assets/js/custom.js HTTP/1.1" 304 0
2018-05-24 10:54:29,027 [django.server:124] [basehttp:log_message] [INFO]- "GET /static/assets/js/wow.min.js HTTP/1.1" 304 0
2018-05-24 10:54:29,033 [django.server:124] [basehttp:log_message] [INFO]- "GET /static/assets/js/owl.carousel.min.js HTTP/1.1" 304 0
2018-05-24 10:54:29,034 [django.server:124] [basehttp:log_message] [INFO]- "GET /static/assets/js/jquery.sticky.js HTTP/1.1" 304 0
2018-05-24 10:54:29,038 [django.server:124] [basehttp:log_message] [INFO]- "GET /static/assets/img/logo.png HTTP/1.1" 304 0
2018-05-24 10:54:29,111 [django.server:124] [basehttp:log_message] [INFO]- "GET /static/assets/img/bg.jpg HTTP/1.1" 304 0
2018-05-24 10:55:26,173 [django.server:124] [basehttp:log_message] [INFO]- "GET /register/ HTTP/1.1" 200 7354
2018-05-24 10:55:46,311 [django.server:124] [basehttp:log_message] [INFO]- "GET /register/ HTTP/1.1" 200 7363
2018-05-24 10:55:47,606 [django.server:124] [basehttp:log_message] [INFO]- "GET /register/ HTTP/1.1" 200 7363
2018-05-24 10:55:48,980 [django.server:124] [basehttp:log_message] [INFO]- "GET /register/ HTTP/1.1" 200 7363
2018-05-24 10:55:50,696 [django.server:124] [basehttp:log_message] [INFO]- "GET /register/ HTTP/1.1" 200 7363
2018-05-24 10:55:52,815 [django.server:124] [basehttp:log_message] [INFO]- "GET /register/ HTTP/1.1" 200 7363
2018-05-24 10:55:55,283 [django.server:124] [basehttp:log_message] [INFO]- "GET /register/ HTTP/1.1" 200 7363
2018-05-24 10:55:55,609 [django.server:124] [basehttp:log_message] [INFO]- "GET /static/assets/js/custom.js HTTP/1.1" 200 5955
2018-05-24 10:55:55,615 [django.server:124] [basehttp:log_message] [INFO]- "GET /static/assets/js/owl.carousel.min.js HTTP/1.1" 200 23936
2018-05-24 10:55:55,617 [django.server:124] [basehttp:log_message] [INFO]- "GET /static/assets/js/jquery.sticky.js HTTP/1.1" 200 7138
2018-05-24 10:55:55,619 [django.server:124] [basehttp:log_message] [INFO]- "GET /static/assets/css/css-index.css HTTP/1.1" 200 21336
2018-05-24 10:55:55,625 [django.server:124] [basehttp:log_message] [INFO]- "GET /static/assets/img/logo.png HTTP/1.1" 200 11481
2018-05-24 10:55:55,856 [django.server:124] [basehttp:log_message] [INFO]- "GET /static/assets/img/bg.jpg HTTP/1.1" 200 134726
2018-05-24 10:55:55,958 [django.server:124] [basehttp:log_message] [INFO]- "GET /static/assets/img/loading.GIF HTTP/1.1" 200 63798
2018-05-24 10:55:57,735 [django.server:124] [basehttp:log_message] [INFO]- "GET /login/ HTTP/1.1" 200 5277
2018-05-24 10:55:57,769 [django.server:124] [basehttp:log_message] [INFO]- "GET /static/assets/js/wow.min.js HTTP/1.1" 200 6300
2018-05-24 10:56:02,322 [django.server:124] [basehttp:log_message] [INFO]- "GET /register/ HTTP/1.1" 200 7363
2018-05-24 10:56:42,534 [django.server:124] [basehttp:log_message] [INFO]- "GET /register/ HTTP/1.1" 200 7415
2018-05-24 10:56:43,615 [django.server:124] [basehttp:log_message] [INFO]- "GET /register/ HTTP/1.1" 200 7415
2018-05-24 10:56:46,213 [django.server:124] [basehttp:log_message] [INFO]- "GET /login/ HTTP/1.1" 200 5277
2018-05-24 10:56:47,597 [django.server:124] [basehttp:log_message] [INFO]- "GET /register/ HTTP/1.1" 200 7415
2018-05-24 10:56:48,920 [django.server:124] [basehttp:log_message] [INFO]- "GET /login/ HTTP/1.1" 200 5277
2018-05-24 10:56:50,126 [django.server:124] [basehttp:log_message] [INFO]- "GET /register/ HTTP/1.1" 200 7415
2018-05-24 11:02:25,169 [django.server:124] [basehttp:log_message] [INFO]- "GET /register/ HTTP/1.1" 200 7415
2018-05-24 11:02:34,201 [django.server:124] [basehttp:log_message] [INFO]- "POST /register/ HTTP/1.1" 200 88
2018-05-24 11:02:35,660 [django.server:124] [basehttp:log_message] [INFO]- "GET /login/ HTTP/1.1" 200 5277
2018-05-24 11:02:39,412 [django.server:124] [basehttp:log_message] [WARNING]- "POST /api/login/ HTTP/1.1" 404 2325
2018-05-24 11:07:36,737 [django.server:124] [basehttp:log_message] [INFO]- "GET /data/index/ HTTP/1.1" 302 0
2018-05-24 11:07:36,990 [django.server:124] [basehttp:log_message] [INFO]- "GET /login/ HTTP/1.1" 200 5277
2018-05-24 11:07:37,043 [django.server:124] [basehttp:log_message] [INFO]- "GET /static/assets/css/css-index.css HTTP/1.1" 304 0
2018-05-24 11:07:37,314 [django.server:124] [basehttp:log_message] [INFO]- "GET /static/assets/img/loading.GIF HTTP/1.1" 304 0
2018-05-24 11:07:37,385 [django.server:124] [basehttp:log_message] [INFO]- "GET /static/assets/js/custom.js HTTP/1.1" 304 0
2018-05-24 11:07:37,388 [django.server:124] [basehttp:log_message] [INFO]- "GET /static/assets/js/jquery.sticky.js HTTP/1.1" 304 0
2018-05-24 11:07:37,391 [django.server:124] [basehttp:log_message] [INFO]- "GET /static/assets/js/wow.min.js HTTP/1.1" 304 0
2018-05-24 11:07:37,398 [django.server:124] [basehttp:log_message] [INFO]- "GET /static/assets/img/logo.png HTTP/1.1" 304 0
2018-05-24 11:07:37,401 [django.server:124] [basehttp:log_message] [INFO]- "GET /static/assets/js/owl.carousel.min.js HTTP/1.1" 304 0
2018-05-24 11:07:37,620 [django.server:124] [basehttp:log_message] [INFO]- "GET /static/assets/img/bg.jpg HTTP/1.1" 304 0
2018-05-24 11:07:41,910 [django.server:124] [basehttp:log_message] [WARNING]- "POST /api/login/ HTTP/1.1" 404 2325
2018-05-24 11:10:52,647 [django.server:124] [basehttp:log_message] [INFO]- "GET /login/ HTTP/1.1" 200 5277
2018-05-24 11:12:32,766 [django.server:124] [basehttp:log_message] [INFO]- "GET /login/ HTTP/1.1" 200 5277
2018-05-24 11:12:36,582 [django.server:124] [basehttp:log_message] [WARNING]- "POST /api/login/ HTTP/1.1" 404 2325
2018-05-24 11:13:00,341 [django.server:124] [basehttp:log_message] [INFO]- "GET /login/ HTTP/1.1" 200 5273
2018-05-24 11:13:03,956 [django.server:124] [basehttp:log_message] [INFO]- "POST /login/ HTTP/1.1" 302 0
2018-05-24 11:13:04,263 [django.server:124] [basehttp:log_message] [INFO]- "GET /data/index/ HTTP/1.1" 302 0
2018-05-24 11:13:04,512 [django.server:124] [basehttp:log_message] [INFO]- "GET /register/ HTTP/1.1" 200 7415
2018-05-24 11:15:55,267 [django.server:124] [basehttp:log_message] [INFO]- "GET /register/ HTTP/1.1" 200 7415
2018-05-24 11:15:57,069 [django.server:124] [basehttp:log_message] [INFO]- "GET /login/ HTTP/1.1" 200 5273
2018-05-24 11:16:02,414 [django.server:124] [basehttp:log_message] [INFO]- "POST /login/ HTTP/1.1" 302 0
2018-05-24 11:16:02,797 [django.server:124] [basehttp:log_message] [ERROR]- "GET /data/index/ HTTP/1.1" 500 105982
2018-05-24 11:26:33,341 [django.server:124] [basehttp:log_message] [INFO]- "GET /data/index/ HTTP/1.1" 200 7566
2018-05-24 11:26:33,562 [django.server:124] [basehttp:log_message] [INFO]- "GET /static/assets/css/admin.css HTTP/1.1" 200 20853
2018-05-24 11:26:33,663 [django.server:124] [basehttp:log_message] [INFO]- "GET /static/assets/css/jquery.json-viewer.css HTTP/1.1" 200 1083
2018-05-24 11:26:33,666 [django.server:124] [basehttp:log_message] [INFO]- "GET /static/assets/css/common.css HTTP/1.1" 200 731
2018-05-24 11:26:33,682 [django.server:124] [basehttp:log_message] [INFO]- "GET /static/assets/js/commons.js HTTP/1.1" 200 13053
2018-05-24 11:26:33,696 [django.server:124] [basehttp:log_message] [INFO]- "GET /static/assets/js/jquery.json-viewer.js HTTP/1.1" 200 5475
2018-05-24 11:26:33,698 [django.server:124] [basehttp:log_message] [INFO]- "GET /static/assets/js/app.js HTTP/1.1" 200 21264
2018-05-24 11:26:35,626 [django.server:124] [basehttp:log_message] [INFO]- "GET /data/index/ HTTP/1.1" 200 7566
2018-05-24 11:28:35,024 [django.server:124] [basehttp:log_message] [INFO]- "GET /data/index/ HTTP/1.1" 200 7562
2018-05-24 11:28:36,835 [django.server:124] [basehttp:log_message] [WARNING]- "GET /log_out/ HTTP/1.1" 404 2440
2018-05-24 11:28:47,971 [django.server:124] [basehttp:log_message] [WARNING]- "GET /log_out/ HTTP/1.1" 404 2440
2018-05-24 11:28:50,104 [django.server:124] [basehttp:log_message] [INFO]- "GET /data/index/ HTTP/1.1" 200 7561
2018-05-24 11:28:51,862 [django.server:124] [basehttp:log_message] [INFO]- "GET /logout/ HTTP/1.1" 302 0
2018-05-24 11:28:51,942 [django.server:124] [basehttp:log_message] [INFO]- "GET /login/ HTTP/1.1" 200 5273
2018-05-24 11:28:52,172 [django.server:124] [basehttp:log_message] [INFO]- "GET /static/assets/css/css-index.css HTTP/1.1" 304 0
2018-05-24 11:28:52,262 [django.server:124] [basehttp:log_message] [INFO]- "GET /static/assets/img/loading.GIF HTTP/1.1" 304 0
2018-05-24 11:28:52,278 [django.server:124] [basehttp:log_message] [INFO]- "GET /static/assets/js/custom.js HTTP/1.1" 304 0
2018-05-24 11:28:52,479 [django.server:124] [basehttp:log_message] [INFO]- "GET /static/assets/js/wow.min.js HTTP/1.1" 304 0
2018-05-24 11:28:52,486 [django.server:124] [basehttp:log_message] [INFO]- "GET /static/assets/js/owl.carousel.min.js HTTP/1.1" 304 0
2018-05-24 11:28:52,493 [django.server:124] [basehttp:log_message] [INFO]- "GET /static/assets/img/logo.png HTTP/1.1" 304 0
2018-05-24 11:28:52,494 [django.server:124] [basehttp:log_message] [INFO]- "GET /static/assets/js/jquery.sticky.js HTTP/1.1" 304 0
2018-05-24 11:28:52,567 [django.server:124] [basehttp:log_message] [INFO]- "GET /static/assets/img/bg.jpg HTTP/1.1" 304 0
2018-05-24 11:28:56,369 [django.server:124] [basehttp:log_message] [INFO]- "POST /login/ HTTP/1.1" 302 0
2018-05-24 11:28:56,382 [django.server:124] [basehttp:log_message] [INFO]- "GET /data/index/ HTTP/1.1" 200 7561
2018-05-24 11:28:59,654 [django.server:124] [basehttp:log_message] [INFO]- "GET /logout/ HTTP/1.1" 302 0
2018-05-24 11:28:59,963 [django.server:124] [basehttp:log_message] [INFO]- "GET /login/ HTTP/1.1" 200 5273
2018-05-24 11:29:01,953 [django.server:124] [basehttp:log_message] [INFO]- "GET /login/ HTTP/1.1" 200 5273
2018-05-24 11:29:02,401 [django.server:124] [basehttp:log_message] [INFO]- "GET /login/ HTTP/1.1" 200 5273
2018-05-24 11:29:04,288 [django.server:124] [basehttp:log_message] [ERROR]- "GET /data/index/ HTTP/1.1" 500 71774
2018-05-24 11:29:05,486 [django.server:124] [basehttp:log_message] [ERROR]- "GET /data/index/ HTTP/1.1" 500 71774
2018-05-24 11:29:05,747 [django.server:124] [basehttp:log_message] [ERROR]- "GET /data/index/ HTTP/1.1" 500 71774
2018-05-24 11:29:05,886 [django.server:124] [basehttp:log_message] [ERROR]- "GET /data/index/ HTTP/1.1" 500 71774
2018-05-24 11:29:12,289 [django.server:124] [basehttp:log_message] [ERROR]- "GET /data/index/ HTTP/1.1" 500 71774
2018-05-24 11:31:07,139 [django.server:124] [basehttp:log_message] [ERROR]- "GET /data/index/ HTTP/1.1" 500 71626
2018-05-24 11:31:09,541 [django.server:124] [basehttp:log_message] [INFO]- "GET /login/ HTTP/1.1" 200 5273
2018-05-24 11:31:10,537 [django.server:124] [basehttp:log_message] [INFO]- "GET /login/ HTTP/1.1" 200 5273
2018-05-24 11:31:14,628 [django.server:124] [basehttp:log_message] [INFO]- "POST /login/ HTTP/1.1" 302 0
2018-05-24 11:31:14,942 [django.server:124] [basehttp:log_message] [INFO]- "GET /data/index/ HTTP/1.1" 200 7561
2018-05-24 11:31:17,011 [django.server:124] [basehttp:log_message] [INFO]- "GET /logout/ HTTP/1.1" 302 0
2018-05-24 11:31:17,323 [django.server:124] [basehttp:log_message] [INFO]- "GET /login/ HTTP/1.1" 200 5273
2018-05-24 11:31:20,315 [django.server:124] [basehttp:log_message] [INFO]- "GET /data/index/ HTTP/1.1" 302 0
2018-05-24 11:31:20,627 [django.server:124] [basehttp:log_message] [INFO]- "GET /login/ HTTP/1.1" 200 5273
2018-05-24 11:31:21,528 [django.server:124] [basehttp:log_message] [INFO]- "GET /login/ HTTP/1.1" 200 5273
2018-05-24 11:31:22,612 [django.server:124] [basehttp:log_message] [INFO]- "GET /login/ HTTP/1.1" 200 5273
2018-05-24 11:31:27,881 [django.server:124] [basehttp:log_message] [INFO]- "GET /login/ HTTP/1.1" 200 5273
2018-05-24 11:33:16,432 [django.server:124] [basehttp:log_message] [INFO]- "GET /login/ HTTP/1.1" 200 5273
2018-05-24 11:33:20,395 [django.server:124] [basehttp:log_message] [INFO]- "POST /login/ HTTP/1.1" 302 0
2018-05-24 11:33:20,711 [django.server:124] [basehttp:log_message] [INFO]- "GET /data/index/ HTTP/1.1" 200 7561
2018-05-24 11:33:23,203 [django.server:124] [basehttp:log_message] [INFO]- "GET /logout/ HTTP/1.1" 302 0
2018-05-24 11:33:23,514 [django.server:124] [basehttp:log_message] [INFO]- "GET /login/ HTTP/1.1" 200 5273
2018-05-24 11:33:26,954 [django.server:124] [basehttp:log_message] [INFO]- "GET /data/index/ HTTP/1.1" 302 0
2018-05-24 11:33:27,262 [django.server:124] [basehttp:log_message] [INFO]- "GET /login/ HTTP/1.1" 200 5273
